0 info it worked if it ends with ok
1 verbose cli [ 'C:\\Program Files\\nodejs\\node.exe',
1 verbose cli   'C:\\Program Files\\nodejs\\node_modules\\npm\\bin\\npm-cli.js',
1 verbose cli   'run',
1 verbose cli   'dev' ]
2 info using npm@3.10.8
3 info using node@v6.9.1
4 verbose run-script [ 'predev', 'dev', 'postdev' ]
5 info lifecycle poros@1.0.0~predev: poros@1.0.0
6 silly lifecycle poros@1.0.0~predev: no script for predev, continuing
7 info lifecycle poros@1.0.0~dev: poros@1.0.0
8 verbose lifecycle poros@1.0.0~dev: unsafe-perm in lifecycle true
9 verbose lifecycle poros@1.0.0~dev: PATH: C:\Program Files\nodejs\node_modules\npm\bin\node-gyp-bin;D:\dev\porosjs\node_modules\.bin;C:\Users\Orion.DESKTOP-7NCCURL\bin;C:\Program Files\Git\mingw64\bin;C:\Program Files\Git\usr\local\bin;C:\Program Files\Git\usr\bin;C:\Program Files\Git\usr\bin;C:\Program Files\Git\cmd;C:\Program Files\ConEmu\ConEmu\Scripts;C:\Program Files\ConEmu;C:\Program Files\ConEmu\ConEmu;C:\WINDOWS\system32;C:\WINDOWS;C:\WINDOWS\System32\Wbem;C:\WINDOWS\System32\WindowsPowerShell\v1.0;C:\Program Files (x86)\Brackets\command;C:\Program Files (x86)\NVIDIA Corporation\PhysX\Common;C:\Program Files\Git\cmd;C:\Program Files (x86)\GnuWin32\bin;C:\Program Files\nodejs;C:\Users\Orion.DESKTOP-7NCCURL\AppData\Local\Microsoft\WindowsApps;C:\Program Files\Docker Toolbox;C:\Program Files (x86)\GnuWin32\bin;C:\Users\Orion.DESKTOP-7NCCURL\AppData\Local\atom\bin;C:\Program Files\MongoDB\Server\3.4\bin;C:\Program Files\Git\usr\bin\vendor_perl;C:\Program Files\Git\usr\bin\core_perl
10 verbose lifecycle poros@1.0.0~dev: CWD: D:\dev\porosjs
11 silly lifecycle poros@1.0.0~dev: Args: [ '/d /s /c', 'forever -w lib/entry.js' ]
12 silly lifecycle poros@1.0.0~dev: Returned: code: 3221225786  signal: null
13 info lifecycle poros@1.0.0~dev: Failed to exec dev script
14 verbose stack Error: poros@1.0.0 dev: `forever -w lib/entry.js`
14 verbose stack Exit status 3221225786
14 verbose stack     at EventEmitter.<anonymous> (C:\Program Files\nodejs\node_modules\npm\lib\utils\lifecycle.js:255:16)
14 verbose stack     at emitTwo (events.js:106:13)
14 verbose stack     at EventEmitter.emit (events.js:191:7)
14 verbose stack     at ChildProcess.<anonymous> (C:\Program Files\nodejs\node_modules\npm\lib\utils\spawn.js:40:14)
14 verbose stack     at emitTwo (events.js:106:13)
14 verbose stack     at ChildProcess.emit (events.js:191:7)
14 verbose stack     at maybeClose (internal/child_process.js:877:16)
14 verbose stack     at Process.ChildProcess._handle.onexit (internal/child_process.js:226:5)
15 verbose pkgid poros@1.0.0
16 verbose cwd D:\dev\porosjs
17 error Windows_NT 10.0.14393
18 error argv "C:\\Program Files\\nodejs\\node.exe" "C:\\Program Files\\nodejs\\node_modules\\npm\\bin\\npm-cli.js" "run" "dev"
19 error node v6.9.1
20 error npm  v3.10.8
21 error code ELIFECYCLE
22 error poros@1.0.0 dev: `forever -w lib/entry.js`
22 error Exit status 3221225786
23 error Failed at the poros@1.0.0 dev script 'forever -w lib/entry.js'.
23 error Make sure you have the latest version of node.js and npm installed.
23 error If you do, this is most likely a problem with the poros package,
23 error not with npm itself.
23 error Tell the author that this fails on your system:
23 error     forever -w lib/entry.js
23 error You can get information on how to open an issue for this project with:
23 error     npm bugs poros
23 error Or if that isn't available, you can get their info via:
23 error     npm owner ls poros
23 error There is likely additional logging output above.
24 verbose exit [ 1, true ]
